<?xml version="1.0" encoding="UTF-8"?>
<testsuites>
    <testsuite name=";as-a-user,-i-can-login-to-the-application-and-create-an-activity-using-manual-entry-mode" tests="22" failures="0" skipped="0">
        <properties>
            <property name="URI" value="/home/travis/build/aashwin/FitnessApp_Assignment/tests/regression_tests/features/activity.feature">
            </property>
        </properties>
        <testcase name="Given The application is loaded" classname=";as-a-user,-i-can-login-to-the-application-and-create-an-activity-using-manual-entry-mode" time="7.235745824">
        </testcase>
        <testcase name="When I enter &quot;{{TEST_USERNAME}}&quot; in the &quot;username&quot; text field" classname=";as-a-user,-i-can-login-to-the-application-and-create-an-activity-using-manual-entry-mode" time="1.106874668">
        </testcase>
        <testcase name="And I enter &quot;{{TEST_PASSWORD}}&quot; in the &quot;password&quot; text field" classname=";as-a-user,-i-can-login-to-the-application-and-create-an-activity-using-manual-entry-mode" time="1.117579911">
        </testcase>
        <testcase name="And I click on the button that has a value of &quot;Login&quot;" classname=";as-a-user,-i-can-login-to-the-application-and-create-an-activity-using-manual-entry-mode" time="0.109796356">
        </testcase>
        <testcase name="Then the application page is loaded" classname=";as-a-user,-i-can-login-to-the-application-and-create-an-activity-using-manual-entry-mode" time="0.01544281">
        </testcase>
        <testcase name="When I click on the link that contains text &quot;Create Activity&quot;" classname=";as-a-user,-i-can-login-to-the-application-and-create-an-activity-using-manual-entry-mode" time="8.182318239">
        </testcase>
        <testcase name="And I click on the link that contains text &quot;Manual Entry&quot;" classname=";as-a-user,-i-can-login-to-the-application-and-create-an-activity-using-manual-entry-mode" time="2.138578222">
        </testcase>
        <testcase name="And I enter &quot;Evening Run&quot; in the text field with the ID &quot;name&quot;" classname=";as-a-user,-i-can-login-to-the-application-and-create-an-activity-using-manual-entry-mode" time="1.167896907">
        </testcase>
        <testcase name="And I tick the radio with name &quot;visibility&quot; and value &quot;2&quot;" classname=";as-a-user,-i-can-login-to-the-application-and-create-an-activity-using-manual-entry-mode" time="1.094559864">
        </testcase>
        <testcase name="And I enter &quot;19&quot; in the text field with the ID &quot;distance&quot;" classname=";as-a-user,-i-can-login-to-the-application-and-create-an-activity-using-manual-entry-mode" time="1.109670473">
        </testcase>
        <testcase name="And I enter &quot;133&quot; in the text field with the ID &quot;elevationInMeters&quot;" classname=";as-a-user,-i-can-login-to-the-application-and-create-an-activity-using-manual-entry-mode" time="1.112000669">
        </testcase>
        <testcase name="And I enter &quot;1&quot; in the text field with the ID &quot;durationH&quot;" classname=";as-a-user,-i-can-login-to-the-application-and-create-an-activity-using-manual-entry-mode" time="1.099179444">
        </testcase>
        <testcase name="And I enter &quot;11&quot; in the text field with the ID &quot;durationM&quot;" classname=";as-a-user,-i-can-login-to-the-application-and-create-an-activity-using-manual-entry-mode" time="1.141352884">
        </testcase>
        <testcase name="And I enter &quot;34&quot; in the text field with the ID &quot;durationS&quot;" classname=";as-a-user,-i-can-login-to-the-application-and-create-an-activity-using-manual-entry-mode" time="1.107360188">
        </testcase>
        <testcase name="And I enter &quot;This was a great run with @Friend&quot; in the text field with the ID &quot;notes&quot;" classname=";as-a-user,-i-can-login-to-the-application-and-create-an-activity-using-manual-entry-mode" time="1.169724226">
        </testcase>
        <testcase name="And I click on the button that has a value of &quot;Add Activity &gt;&gt;&quot;" classname=";as-a-user,-i-can-login-to-the-application-and-create-an-activity-using-manual-entry-mode" time="0.138213944">
        </testcase>
        <testcase name="Then The success notification says &quot;Successfully created activity&quot;" classname=";as-a-user,-i-can-login-to-the-application-and-create-an-activity-using-manual-entry-mode" time="0.882461136">
        </testcase>
        <testcase name="And The page heading says &quot;Evening Run&quot;" classname=";as-a-user,-i-can-login-to-the-application-and-create-an-activity-using-manual-entry-mode" time="1.050425373">
        </testcase>
        <testcase name="And The &quot;Distance&quot; dashcard has the value of &quot;30.58&quot;" classname=";as-a-user,-i-can-login-to-the-application-and-create-an-activity-using-manual-entry-mode" time="0.032157181">
        </testcase>
        <testcase name="And The &quot;Elevation&quot; dashcard has the value of &quot;133&quot;" classname=";as-a-user,-i-can-login-to-the-application-and-create-an-activity-using-manual-entry-mode" time="0.031200287">
        </testcase>
        <testcase name="And The &quot;Duration&quot; dashcard has the text of &quot;01:11:34&quot;" classname=";as-a-user,-i-can-login-to-the-application-and-create-an-activity-using-manual-entry-mode" time="0.047192999">
        </testcase>
        <testcase name="And I delete all activities of this user via the REST API" classname=";as-a-user,-i-can-login-to-the-application-and-create-an-activity-using-manual-entry-mode" time="0.521275897">
        </testcase>
    </testsuite>
    <testsuite name=";as-a-user,-i-can-login-to-the-application-and-create-an-activity-and-add-a-comment" tests="16" failures="0" skipped="0">
        <properties>
            <property name="URI" value="/home/travis/build/aashwin/FitnessApp_Assignment/tests/regression_tests/features/activity.feature">
            </property>
        </properties>
        <testcase name="Given The application is loaded" classname=";as-a-user,-i-can-login-to-the-application-and-create-an-activity-and-add-a-comment" time="9.706890876">
        </testcase>
        <testcase name="When I enter &quot;{{TEST_USERNAME}}&quot; in the &quot;username&quot; text field" classname=";as-a-user,-i-can-login-to-the-application-and-create-an-activity-and-add-a-comment" time="1.098238931">
        </testcase>
        <testcase name="And I enter &quot;{{TEST_PASSWORD}}&quot; in the &quot;password&quot; text field" classname=";as-a-user,-i-can-login-to-the-application-and-create-an-activity-and-add-a-comment" time="1.098696979">
        </testcase>
        <testcase name="And I click on the button that has a value of &quot;Login&quot;" classname=";as-a-user,-i-can-login-to-the-application-and-create-an-activity-and-add-a-comment" time="0.095468264">
        </testcase>
        <testcase name="Then the application page is loaded" classname=";as-a-user,-i-can-login-to-the-application-and-create-an-activity-and-add-a-comment" time="0.015242969">
        </testcase>
        <testcase name="When I click on the link that contains text &quot;Create Activity&quot;" classname=";as-a-user,-i-can-login-to-the-application-and-create-an-activity-and-add-a-comment" time="8.190124391">
        </testcase>
        <testcase name="And I click on the link that contains text &quot;Manual Entry&quot;" classname=";as-a-user,-i-can-login-to-the-application-and-create-an-activity-and-add-a-comment" time="2.171878754">
        </testcase>
        <testcase name="And I enter &quot;Evening Run&quot; in the text field with the ID &quot;name&quot;" classname=";as-a-user,-i-can-login-to-the-application-and-create-an-activity-and-add-a-comment" time="1.145205978">
        </testcase>
        <testcase name="And I tick the radio with name &quot;visibility&quot; and value &quot;2&quot;" classname=";as-a-user,-i-can-login-to-the-application-and-create-an-activity-and-add-a-comment" time="1.094973578">
        </testcase>
        <testcase name="And I click on the button that has a value of &quot;Add Activity &gt;&gt;&quot;" classname=";as-a-user,-i-can-login-to-the-application-and-create-an-activity-and-add-a-comment" time="0.082524127">
        </testcase>
        <testcase name="Then The success notification says &quot;Successfully created activity&quot;" classname=";as-a-user,-i-can-login-to-the-application-and-create-an-activity-and-add-a-comment" time="0.824832241">
        </testcase>
        <testcase name="And The page heading says &quot;Evening Run&quot;" classname=";as-a-user,-i-can-login-to-the-application-and-create-an-activity-and-add-a-comment" time="1.046397432">
        </testcase>
        <testcase name="When I enter &quot;This is a good run mate, keep it going!&quot; in the text field with the ID &quot;comment&quot;" classname=";as-a-user,-i-can-login-to-the-application-and-create-an-activity-and-add-a-comment" time="1.169934753">
        </testcase>
        <testcase name="And I click on the button that has a value of &quot;Add Comment &gt;&gt;&quot;" classname=";as-a-user,-i-can-login-to-the-application-and-create-an-activity-and-add-a-comment" time="0.082276954">
        </testcase>
        <testcase name="Then I verify that there is a comment &quot;This is a good run mate, keep it going!&quot;" classname=";as-a-user,-i-can-login-to-the-application-and-create-an-activity-and-add-a-comment" time="1.55123228">
        </testcase>
        <testcase name="And I delete all activities of this user via the REST API" classname=";as-a-user,-i-can-login-to-the-application-and-create-an-activity-and-add-a-comment" time="0.579717597">
        </testcase>
    </testsuite>
    <testsuite name=";as-a-user,-i-can-login-to-the-application" tests="6" failures="0" skipped="0">
        <properties>
            <property name="URI" value="/home/travis/build/aashwin/FitnessApp_Assignment/tests/regression_tests/features/login_register.feature">
            </property>
        </properties>
        <testcase name="Given The application is loaded" classname=";as-a-user,-i-can-login-to-the-application" time="6.517567072">
        </testcase>
        <testcase name="When I enter &quot;{{TEST_USERNAME}}&quot; in the &quot;username&quot; text field" classname=";as-a-user,-i-can-login-to-the-application" time="1.095443631">
        </testcase>
        <testcase name="And I enter &quot;{{TEST_PASSWORD}}&quot; in the &quot;password&quot; text field" classname=";as-a-user,-i-can-login-to-the-application" time="1.10248378">
        </testcase>
        <testcase name="And I click on the button that has a value of &quot;Login&quot;" classname=";as-a-user,-i-can-login-to-the-application" time="0.105299138">
        </testcase>
        <testcase name="Then the application page is loaded" classname=";as-a-user,-i-can-login-to-the-application" time="0.010182828">
        </testcase>
        <testcase name="And The page heading says &quot;My Activities&quot;" classname=";as-a-user,-i-can-login-to-the-application" time="6.150382304">
        </testcase>
    </testsuite>
    <testsuite name=";as-a-user,-i-try-to-edit-my-profile" tests="21" failures="0" skipped="0">
        <properties>
            <property name="URI" value="/home/travis/build/aashwin/FitnessApp_Assignment/tests/regression_tests/features/profile.feature">
            </property>
        </properties>
        <testcase name="Given The application is loaded" classname=";as-a-user,-i-try-to-edit-my-profile" time="6.512176944">
        </testcase>
        <testcase name="When I enter &quot;{{TEST_USERNAME}}&quot; in the &quot;username&quot; text field" classname=";as-a-user,-i-try-to-edit-my-profile" time="1.100866182">
        </testcase>
        <testcase name="And I enter &quot;{{TEST_PASSWORD}}&quot; in the &quot;password&quot; text field" classname=";as-a-user,-i-try-to-edit-my-profile" time="1.094731872">
        </testcase>
        <testcase name="And I click on the button that has a value of &quot;Login&quot;" classname=";as-a-user,-i-try-to-edit-my-profile" time="0.099772451">
        </testcase>
        <testcase name="Then the application page is loaded" classname=";as-a-user,-i-try-to-edit-my-profile" time="0.011481665">
        </testcase>
        <testcase name="When I click on the link that contains text &quot;Hey &quot;" classname=";as-a-user,-i-try-to-edit-my-profile" time="8.310406922">
        </testcase>
        <testcase name="And I enter &quot;Bruce Wayne&quot; in the text field with the ID &quot;name&quot;" classname=";as-a-user,-i-try-to-edit-my-profile" time="1.120117558">
        </testcase>
        <testcase name="And I enter &quot;bruce@gotham.com&quot; in the text field with the ID &quot;email&quot;" classname=";as-a-user,-i-try-to-edit-my-profile" time="1.142098469">
        </testcase>
        <testcase name="And I enter &quot;76.2&quot; in the text field with the ID &quot;weightInKg&quot;" classname=";as-a-user,-i-try-to-edit-my-profile" time="1.107718278">
        </testcase>
        <testcase name="And I click on the button that has a value of &quot;Update Profile &gt;&gt;&quot;" classname=";as-a-user,-i-try-to-edit-my-profile" time="0.092536197">
        </testcase>
        <testcase name="Then The success notification says &quot;Successfully updated your profile&quot;" classname=";as-a-user,-i-try-to-edit-my-profile" time="0.918358158">
        </testcase>
        <testcase name="When I reload application" classname=";as-a-user,-i-try-to-edit-my-profile" time="1.007986215">
        </testcase>
        <testcase name="And I click on the link that contains text &quot;Hey Bruce&quot;" classname=";as-a-user,-i-try-to-edit-my-profile" time="2.093313888">
        </testcase>
        <testcase name="And I verify the text field with ID &quot;email&quot; contains &quot;bruce@gotham.com&quot;" classname=";as-a-user,-i-try-to-edit-my-profile" time="3.043744907">
        </testcase>
        <testcase name="And I verify the text field with ID &quot;weightInKg&quot; contains &quot;76.2&quot;" classname=";as-a-user,-i-try-to-edit-my-profile" time="3.01770138">
        </testcase>
        <testcase name="Then I verify the text field with ID &quot;name&quot; contains &quot;Bruce Wayne&quot;" classname=";as-a-user,-i-try-to-edit-my-profile" time="3.033687909">
        </testcase>
        <testcase name="And I enter &quot;&quot; in the text field with the ID &quot;name&quot;" classname=";as-a-user,-i-try-to-edit-my-profile" time="1.094321384">
        </testcase>
        <testcase name="And I enter &quot;&quot; in the text field with the ID &quot;email&quot;" classname=";as-a-user,-i-try-to-edit-my-profile" time="1.105780038">
        </testcase>
        <testcase name="And I enter &quot;&quot; in the text field with the ID &quot;weightInKg&quot;" classname=";as-a-user,-i-try-to-edit-my-profile" time="1.106349073">
        </testcase>
        <testcase name="And I click on the button that has a value of &quot;Update Profile &gt;&gt;&quot;" classname=";as-a-user,-i-try-to-edit-my-profile" time="0.088075045">
        </testcase>
        <testcase name="Then The success notification says &quot;Successfully updated your profile&quot;" classname=";as-a-user,-i-try-to-edit-my-profile" time="0.872420589">
        </testcase>
    </testsuite>
</testsuites>