<?xml version="1.0" encoding="UTF-8"?>
<testsuites>
    <testsuite name=";as-a-user,-i-can-login-to-the-application-and-create-an-activity-using-manual-entry-mode" tests="22" failures="0" skipped="0">
        <properties>
            <property name="URI" value="/home/travis/build/aashwin/FitnessApp_Assignment/tests/regression_tests/features/activity.feature">
            </property>
        </properties>
        <testcase name="Given The application is loaded" classname=";as-a-user,-i-can-login-to-the-application-and-create-an-activity-using-manual-entry-mode" time="7.498994056">
        </testcase>
        <testcase name="When I enter &quot;{{TEST_USERNAME}}&quot; in the &quot;username&quot; text field" classname=";as-a-user,-i-can-login-to-the-application-and-create-an-activity-using-manual-entry-mode" time="1.093000013">
        </testcase>
        <testcase name="And I enter &quot;{{TEST_PASSWORD}}&quot; in the &quot;password&quot; text field" classname=";as-a-user,-i-can-login-to-the-application-and-create-an-activity-using-manual-entry-mode" time="1.141119207">
        </testcase>
        <testcase name="And I click on the button that has a value of &quot;Login&quot;" classname=";as-a-user,-i-can-login-to-the-application-and-create-an-activity-using-manual-entry-mode" time="0.121377741">
        </testcase>
        <testcase name="Then the application page is loaded" classname=";as-a-user,-i-can-login-to-the-application-and-create-an-activity-using-manual-entry-mode" time="0.019507115">
        </testcase>
        <testcase name="When I click on the link that contains text &quot;Create Activity&quot;" classname=";as-a-user,-i-can-login-to-the-application-and-create-an-activity-using-manual-entry-mode" time="9.442805522">
        </testcase>
        <testcase name="And I click on the link that contains text &quot;Manual Entry&quot;" classname=";as-a-user,-i-can-login-to-the-application-and-create-an-activity-using-manual-entry-mode" time="2.15318987">
        </testcase>
        <testcase name="And I enter &quot;Evening Run&quot; in the text field with the ID &quot;name&quot;" classname=";as-a-user,-i-can-login-to-the-application-and-create-an-activity-using-manual-entry-mode" time="1.165132355">
        </testcase>
        <testcase name="And I tick the radio with name &quot;visibility&quot; and value &quot;2&quot;" classname=";as-a-user,-i-can-login-to-the-application-and-create-an-activity-using-manual-entry-mode" time="1.094876767">
        </testcase>
        <testcase name="And I enter &quot;19&quot; in the text field with the ID &quot;distance&quot;" classname=";as-a-user,-i-can-login-to-the-application-and-create-an-activity-using-manual-entry-mode" time="1.111907525">
        </testcase>
        <testcase name="And I enter &quot;133&quot; in the text field with the ID &quot;elevationInMeters&quot;" classname=";as-a-user,-i-can-login-to-the-application-and-create-an-activity-using-manual-entry-mode" time="1.115950385">
        </testcase>
        <testcase name="And I enter &quot;1&quot; in the text field with the ID &quot;durationH&quot;" classname=";as-a-user,-i-can-login-to-the-application-and-create-an-activity-using-manual-entry-mode" time="1.113730278">
        </testcase>
        <testcase name="And I enter &quot;11&quot; in the text field with the ID &quot;durationM&quot;" classname=";as-a-user,-i-can-login-to-the-application-and-create-an-activity-using-manual-entry-mode" time="1.139899994">
        </testcase>
        <testcase name="And I enter &quot;34&quot; in the text field with the ID &quot;durationS&quot;" classname=";as-a-user,-i-can-login-to-the-application-and-create-an-activity-using-manual-entry-mode" time="1.102503211">
        </testcase>
        <testcase name="And I enter &quot;This was a great run with @Friend&quot; in the text field with the ID &quot;notes&quot;" classname=";as-a-user,-i-can-login-to-the-application-and-create-an-activity-using-manual-entry-mode" time="1.191925225">
        </testcase>
        <testcase name="And I click on the button that has a value of &quot;Add Activity &gt;&gt;&quot;" classname=";as-a-user,-i-can-login-to-the-application-and-create-an-activity-using-manual-entry-mode" time="0.105428276">
        </testcase>
        <testcase name="Then The success notification says &quot;Successfully created activity&quot;" classname=";as-a-user,-i-can-login-to-the-application-and-create-an-activity-using-manual-entry-mode" time="1.660122451">
        </testcase>
        <testcase name="And The page heading says &quot;Evening Run&quot;" classname=";as-a-user,-i-can-login-to-the-application-and-create-an-activity-using-manual-entry-mode" time="1.054755742">
        </testcase>
        <testcase name="And The &quot;Distance&quot; dashcard has the value of &quot;30.58&quot;" classname=";as-a-user,-i-can-login-to-the-application-and-create-an-activity-using-manual-entry-mode" time="0.030628214">
        </testcase>
        <testcase name="And The &quot;Elevation&quot; dashcard has the value of &quot;133&quot;" classname=";as-a-user,-i-can-login-to-the-application-and-create-an-activity-using-manual-entry-mode" time="0.030324988">
        </testcase>
        <testcase name="And The &quot;Duration&quot; dashcard has the text of &quot;01:11:34&quot;" classname=";as-a-user,-i-can-login-to-the-application-and-create-an-activity-using-manual-entry-mode" time="0.054276213">
        </testcase>
        <testcase name="And I delete all activities of this user via the REST API" classname=";as-a-user,-i-can-login-to-the-application-and-create-an-activity-using-manual-entry-mode" time="0.677058117">
        </testcase>
    </testsuite>
    <testsuite name=";as-a-user,-i-can-login-to-the-application-and-create-an-activity-and-add-a-comment" tests="16" failures="1" skipped="15">
        <properties>
            <property name="URI" value="/home/travis/build/aashwin/FitnessApp_Assignment/tests/regression_tests/features/activity.feature">
            </property>
        </properties>
        <testcase name="Given The application is loaded" classname=";as-a-user,-i-can-login-to-the-application-and-create-an-activity-and-add-a-comment" time="10.006897406">
            <failure message="function timed out after 10000 milliseconds">function timed out after 10000 milliseconds</failure>
        </testcase>
        <testcase name="When I enter &quot;{{TEST_USERNAME}}&quot; in the &quot;username&quot; text field" classname=";as-a-user,-i-can-login-to-the-application-and-create-an-activity-and-add-a-comment">
            <skipped message="">
            </skipped>
        </testcase>
        <testcase name="And I enter &quot;{{TEST_PASSWORD}}&quot; in the &quot;password&quot; text field" classname=";as-a-user,-i-can-login-to-the-application-and-create-an-activity-and-add-a-comment">
            <skipped message="">
            </skipped>
        </testcase>
        <testcase name="And I click on the button that has a value of &quot;Login&quot;" classname=";as-a-user,-i-can-login-to-the-application-and-create-an-activity-and-add-a-comment">
            <skipped message="">
            </skipped>
        </testcase>
        <testcase name="Then the application page is loaded" classname=";as-a-user,-i-can-login-to-the-application-and-create-an-activity-and-add-a-comment">
            <skipped message="">
            </skipped>
        </testcase>
        <testcase name="When I click on the link that contains text &quot;Create Activity&quot;" classname=";as-a-user,-i-can-login-to-the-application-and-create-an-activity-and-add-a-comment">
            <skipped message="">
            </skipped>
        </testcase>
        <testcase name="And I click on the link that contains text &quot;Manual Entry&quot;" classname=";as-a-user,-i-can-login-to-the-application-and-create-an-activity-and-add-a-comment">
            <skipped message="">
            </skipped>
        </testcase>
        <testcase name="And I enter &quot;Evening Run&quot; in the text field with the ID &quot;name&quot;" classname=";as-a-user,-i-can-login-to-the-application-and-create-an-activity-and-add-a-comment">
            <skipped message="">
            </skipped>
        </testcase>
        <testcase name="And I tick the radio with name &quot;visibility&quot; and value &quot;2&quot;" classname=";as-a-user,-i-can-login-to-the-application-and-create-an-activity-and-add-a-comment">
            <skipped message="">
            </skipped>
        </testcase>
        <testcase name="And I click on the button that has a value of &quot;Add Activity &gt;&gt;&quot;" classname=";as-a-user,-i-can-login-to-the-application-and-create-an-activity-and-add-a-comment">
            <skipped message="">
            </skipped>
        </testcase>
        <testcase name="Then The success notification says &quot;Successfully created activity&quot;" classname=";as-a-user,-i-can-login-to-the-application-and-create-an-activity-and-add-a-comment">
            <skipped message="">
            </skipped>
        </testcase>
        <testcase name="And The page heading says &quot;Evening Run&quot;" classname=";as-a-user,-i-can-login-to-the-application-and-create-an-activity-and-add-a-comment">
            <skipped message="">
            </skipped>
        </testcase>
        <testcase name="When I enter &quot;This is a good run mate, keep it going!&quot; in the text field with the ID &quot;comment&quot;" classname=";as-a-user,-i-can-login-to-the-application-and-create-an-activity-and-add-a-comment">
            <skipped message="">
            </skipped>
        </testcase>
        <testcase name="And I click on the button that has a value of &quot;Add Comment &gt;&gt;&quot;" classname=";as-a-user,-i-can-login-to-the-application-and-create-an-activity-and-add-a-comment">
            <skipped message="">
            </skipped>
        </testcase>
        <testcase name="Then I verify that there is a comment &quot;This is a good run mate, keep it going!&quot;" classname=";as-a-user,-i-can-login-to-the-application-and-create-an-activity-and-add-a-comment">
            <skipped message="">
            </skipped>
        </testcase>
        <testcase name="And I delete all activities of this user via the REST API" classname=";as-a-user,-i-can-login-to-the-application-and-create-an-activity-and-add-a-comment">
            <skipped message="">
            </skipped>
        </testcase>
    </testsuite>
    <testsuite name=";as-a-user,-i-can-login-to-the-application-and-search-for-activities" tests="15" failures="1" skipped="1">
        <properties>
            <property name="URI" value="/home/travis/build/aashwin/FitnessApp_Assignment/tests/regression_tests/features/activity.feature">
            </property>
        </properties>
        <testcase name="Given The application is loaded" classname=";as-a-user,-i-can-login-to-the-application-and-search-for-activities" time="9.834258997">
        </testcase>
        <testcase name="When I enter &quot;{{TEST_USERNAME}}&quot; in the &quot;username&quot; text field" classname=";as-a-user,-i-can-login-to-the-application-and-search-for-activities" time="1.08197421">
        </testcase>
        <testcase name="And I enter &quot;{{TEST_PASSWORD}}&quot; in the &quot;password&quot; text field" classname=";as-a-user,-i-can-login-to-the-application-and-search-for-activities" time="1.13371341">
        </testcase>
        <testcase name="And I click on the button that has a value of &quot;Login&quot;" classname=";as-a-user,-i-can-login-to-the-application-and-search-for-activities" time="0.119103434">
        </testcase>
        <testcase name="Then the application page is loaded" classname=";as-a-user,-i-can-login-to-the-application-and-search-for-activities" time="0.017119237">
        </testcase>
        <testcase name="When I click on the link that contains text &quot;Create Activity&quot;" classname=";as-a-user,-i-can-login-to-the-application-and-search-for-activities" time="8.727059587">
        </testcase>
        <testcase name="And I click on the link that contains text &quot;Manual Entry&quot;" classname=";as-a-user,-i-can-login-to-the-application-and-search-for-activities" time="2.180241607">
        </testcase>
        <testcase name="And I enter &quot;Very Random Name 123&quot; in the text field with the ID &quot;name&quot;" classname=";as-a-user,-i-can-login-to-the-application-and-search-for-activities" time="1.223820536">
        </testcase>
        <testcase name="And I click on the button that has a value of &quot;Add Activity &gt;&gt;&quot;" classname=";as-a-user,-i-can-login-to-the-application-and-search-for-activities" time="0.122175239">
        </testcase>
        <testcase name="Then The success notification says &quot;Successfully created activity&quot;" classname=";as-a-user,-i-can-login-to-the-application-and-search-for-activities" time="1.659378417">
        </testcase>
        <testcase name="And The page heading says &quot;Very Random Name 123&quot;" classname=";as-a-user,-i-can-login-to-the-application-and-search-for-activities" time="1.050675669">
        </testcase>
        <testcase name="When I click on the link that contains text &quot;Search&quot;" classname=";as-a-user,-i-can-login-to-the-application-and-search-for-activities" time="2.102220072">
        </testcase>
        <testcase name="And I enter &quot;Very Random Name 123&quot; in the text field with the ID &quot;search_query&quot;" classname=";as-a-user,-i-can-login-to-the-application-and-search-for-activities" time="1.194443185">
        </testcase>
        <testcase name="And I verify that there is atleast 1 search result" classname=";as-a-user,-i-can-login-to-the-application-and-search-for-activities" time="2.029936989">
            <failure message="AssertionError: expected 1 to be above 1">AssertionError: expected 1 to be above 1
    at /home/travis/build/aashwin/FitnessApp_Assignment/tests/regression_tests/step-definitions/general_steps.js:137:52
    at ManagedPromise.invokeCallback_ (/home/travis/build/aashwin/FitnessApp_Assignment/node_modules/selenium-webdriver/lib/promise.js:1366:14)
    at TaskQueue.execute_ (/home/travis/build/aashwin/FitnessApp_Assignment/node_modules/selenium-webdriver/lib/promise.js:3037:14)
    at TaskQueue.executeNext_ (/home/travis/build/aashwin/FitnessApp_Assignment/node_modules/selenium-webdriver/lib/promise.js:3020:27)
    at asyncRun (/home/travis/build/aashwin/FitnessApp_Assignment/node_modules/selenium-webdriver/lib/promise.js:2880:27)
    at /home/travis/build/aashwin/FitnessApp_Assignment/node_modules/selenium-webdriver/lib/promise.js:676:7
    at process._tickCallback (internal/process/next_tick.js:103:7)</failure>
        </testcase>
        <testcase name="And I delete all activities of this user via the REST API" classname=";as-a-user,-i-can-login-to-the-application-and-search-for-activities">
            <skipped message="">
            </skipped>
        </testcase>
    </testsuite>
    <testsuite name=";as-a-user,-i-can-login-to-the-application" tests="6" failures="0" skipped="0">
        <properties>
            <property name="URI" value="/home/travis/build/aashwin/FitnessApp_Assignment/tests/regression_tests/features/login_register.feature">
            </property>
        </properties>
        <testcase name="Given The application is loaded" classname=";as-a-user,-i-can-login-to-the-application" time="9.116970904">
        </testcase>
        <testcase name="When I enter &quot;{{TEST_USERNAME}}&quot; in the &quot;username&quot; text field" classname=";as-a-user,-i-can-login-to-the-application" time="1.113689757">
        </testcase>
        <testcase name="And I enter &quot;{{TEST_PASSWORD}}&quot; in the &quot;password&quot; text field" classname=";as-a-user,-i-can-login-to-the-application" time="1.107490038">
        </testcase>
        <testcase name="And I click on the button that has a value of &quot;Login&quot;" classname=";as-a-user,-i-can-login-to-the-application" time="0.101497001">
        </testcase>
        <testcase name="Then the application page is loaded" classname=";as-a-user,-i-can-login-to-the-application" time="0.008562237">
        </testcase>
        <testcase name="And The page heading says &quot;My Activities&quot;" classname=";as-a-user,-i-can-login-to-the-application" time="9.845624154">
        </testcase>
    </testsuite>
    <testsuite name=";as-a-user,-i-try-to-edit-my-profile" tests="21" failures="1" skipped="15">
        <properties>
            <property name="URI" value="/home/travis/build/aashwin/FitnessApp_Assignment/tests/regression_tests/features/profile.feature">
            </property>
        </properties>
        <testcase name="Given The application is loaded" classname=";as-a-user,-i-try-to-edit-my-profile" time="6.689219002">
        </testcase>
        <testcase name="When I enter &quot;{{TEST_USERNAME}}&quot; in the &quot;username&quot; text field" classname=";as-a-user,-i-try-to-edit-my-profile" time="1.115097482">
        </testcase>
        <testcase name="And I enter &quot;{{TEST_PASSWORD}}&quot; in the &quot;password&quot; text field" classname=";as-a-user,-i-try-to-edit-my-profile" time="1.12922042">
        </testcase>
        <testcase name="And I click on the button that has a value of &quot;Login&quot;" classname=";as-a-user,-i-try-to-edit-my-profile" time="0.108394462">
        </testcase>
        <testcase name="Then the application page is loaded" classname=";as-a-user,-i-try-to-edit-my-profile" time="0.016430362">
        </testcase>
        <testcase name="When I click on the link that contains text &quot;Hey &quot;" classname=";as-a-user,-i-try-to-edit-my-profile" time="10.009307048">
            <failure message="function timed out after 10000 milliseconds">function timed out after 10000 milliseconds</failure>
        </testcase>
        <testcase name="And I enter &quot;Bruce Wayne&quot; in the text field with the ID &quot;name&quot;" classname=";as-a-user,-i-try-to-edit-my-profile">
            <skipped message="">
            </skipped>
        </testcase>
        <testcase name="And I enter &quot;bruce@gotham.com&quot; in the text field with the ID &quot;email&quot;" classname=";as-a-user,-i-try-to-edit-my-profile">
            <skipped message="">
            </skipped>
        </testcase>
        <testcase name="And I enter &quot;76.2&quot; in the text field with the ID &quot;weightInKg&quot;" classname=";as-a-user,-i-try-to-edit-my-profile">
            <skipped message="">
            </skipped>
        </testcase>
        <testcase name="And I click on the button that has a value of &quot;Update Profile &gt;&gt;&quot;" classname=";as-a-user,-i-try-to-edit-my-profile">
            <skipped message="">
            </skipped>
        </testcase>
        <testcase name="Then The success notification says &quot;Successfully updated your profile&quot;" classname=";as-a-user,-i-try-to-edit-my-profile">
            <skipped message="">
            </skipped>
        </testcase>
        <testcase name="When I reload application" classname=";as-a-user,-i-try-to-edit-my-profile">
            <skipped message="">
            </skipped>
        </testcase>
        <testcase name="And I click on the link that contains text &quot;Hey Bruce&quot;" classname=";as-a-user,-i-try-to-edit-my-profile">
            <skipped message="">
            </skipped>
        </testcase>
        <testcase name="And I verify the text field with ID &quot;email&quot; contains &quot;bruce@gotham.com&quot;" classname=";as-a-user,-i-try-to-edit-my-profile">
            <skipped message="">
            </skipped>
        </testcase>
        <testcase name="And I verify the text field with ID &quot;weightInKg&quot; contains &quot;76.2&quot;" classname=";as-a-user,-i-try-to-edit-my-profile">
            <skipped message="">
            </skipped>
        </testcase>
        <testcase name="Then I verify the text field with ID &quot;name&quot; contains &quot;Bruce Wayne&quot;" classname=";as-a-user,-i-try-to-edit-my-profile">
            <skipped message="">
            </skipped>
        </testcase>
        <testcase name="And I enter &quot;&quot; in the text field with the ID &quot;name&quot;" classname=";as-a-user,-i-try-to-edit-my-profile">
            <skipped message="">
            </skipped>
        </testcase>
        <testcase name="And I enter &quot;&quot; in the text field with the ID &quot;email&quot;" classname=";as-a-user,-i-try-to-edit-my-profile">
            <skipped message="">
            </skipped>
        </testcase>
        <testcase name="And I enter &quot;&quot; in the text field with the ID &quot;weightInKg&quot;" classname=";as-a-user,-i-try-to-edit-my-profile">
            <skipped message="">
            </skipped>
        </testcase>
        <testcase name="And I click on the button that has a value of &quot;Update Profile &gt;&gt;&quot;" classname=";as-a-user,-i-try-to-edit-my-profile">
            <skipped message="">
            </skipped>
        </testcase>
        <testcase name="Then The success notification says &quot;Successfully updated your profile&quot;" classname=";as-a-user,-i-try-to-edit-my-profile">
            <skipped message="">
            </skipped>
        </testcase>
    </testsuite>
</testsuites>