<?xml version="1.0" encoding="UTF-8"?>
<testsuites>
    <testsuite name=";as-a-user,-i-can-login-to-the-application-and-create-an-activity-using-manual-entry-mode" tests="22" failures="0" skipped="0">
        <properties>
            <property name="URI" value="/home/travis/build/aashwin/FitnessApp_Assignment/tests/regression_tests/features/activity.feature">
            </property>
        </properties>
        <testcase name="Given The application is loaded" classname=";as-a-user,-i-can-login-to-the-application-and-create-an-activity-using-manual-entry-mode" time="6.89948784">
        </testcase>
        <testcase name="When I enter &quot;{{TEST_USERNAME}}&quot; in the &quot;username&quot; text field" classname=";as-a-user,-i-can-login-to-the-application-and-create-an-activity-using-manual-entry-mode" time="1.106885674">
        </testcase>
        <testcase name="And I enter &quot;{{TEST_PASSWORD}}&quot; in the &quot;password&quot; text field" classname=";as-a-user,-i-can-login-to-the-application-and-create-an-activity-using-manual-entry-mode" time="1.123280803">
        </testcase>
        <testcase name="And I click on the button that has a value of &quot;Login&quot;" classname=";as-a-user,-i-can-login-to-the-application-and-create-an-activity-using-manual-entry-mode" time="0.107852916">
        </testcase>
        <testcase name="Then the application page is loaded" classname=";as-a-user,-i-can-login-to-the-application-and-create-an-activity-using-manual-entry-mode" time="0.018757495">
        </testcase>
        <testcase name="When I click on the link that contains text &quot;Create Activity&quot;" classname=";as-a-user,-i-can-login-to-the-application-and-create-an-activity-using-manual-entry-mode" time="8.15502924">
        </testcase>
        <testcase name="And I click on the link that contains text &quot;Manual Entry&quot;" classname=";as-a-user,-i-can-login-to-the-application-and-create-an-activity-using-manual-entry-mode" time="2.165188512">
        </testcase>
        <testcase name="And I enter &quot;Evening Run&quot; in the text field with the ID &quot;name&quot;" classname=";as-a-user,-i-can-login-to-the-application-and-create-an-activity-using-manual-entry-mode" time="1.206630666">
        </testcase>
        <testcase name="And I tick the radio with name &quot;visibility&quot; and value &quot;2&quot;" classname=";as-a-user,-i-can-login-to-the-application-and-create-an-activity-using-manual-entry-mode" time="1.090331569">
        </testcase>
        <testcase name="And I enter &quot;19&quot; in the text field with the ID &quot;distance&quot;" classname=";as-a-user,-i-can-login-to-the-application-and-create-an-activity-using-manual-entry-mode" time="1.101961018">
        </testcase>
        <testcase name="And I enter &quot;133&quot; in the text field with the ID &quot;elevationInMeters&quot;" classname=";as-a-user,-i-can-login-to-the-application-and-create-an-activity-using-manual-entry-mode" time="1.107088296">
        </testcase>
        <testcase name="And I enter &quot;1&quot; in the text field with the ID &quot;durationH&quot;" classname=";as-a-user,-i-can-login-to-the-application-and-create-an-activity-using-manual-entry-mode" time="1.139804027">
        </testcase>
        <testcase name="And I enter &quot;11&quot; in the text field with the ID &quot;durationM&quot;" classname=";as-a-user,-i-can-login-to-the-application-and-create-an-activity-using-manual-entry-mode" time="1.133969202">
        </testcase>
        <testcase name="And I enter &quot;34&quot; in the text field with the ID &quot;durationS&quot;" classname=";as-a-user,-i-can-login-to-the-application-and-create-an-activity-using-manual-entry-mode" time="1.120155245">
        </testcase>
        <testcase name="And I enter &quot;This was a great run with @Friend&quot; in the text field with the ID &quot;notes&quot;" classname=";as-a-user,-i-can-login-to-the-application-and-create-an-activity-using-manual-entry-mode" time="1.190220747">
        </testcase>
        <testcase name="And I click on the button that has a value of &quot;Add Activity &gt;&gt;&quot;" classname=";as-a-user,-i-can-login-to-the-application-and-create-an-activity-using-manual-entry-mode" time="0.113399804">
        </testcase>
        <testcase name="Then The success notification says &quot;Successfully created activity&quot;" classname=";as-a-user,-i-can-login-to-the-application-and-create-an-activity-using-manual-entry-mode" time="0.811201324">
        </testcase>
        <testcase name="And The page heading says &quot;Evening Run&quot;" classname=";as-a-user,-i-can-login-to-the-application-and-create-an-activity-using-manual-entry-mode" time="1.057365108">
        </testcase>
        <testcase name="And The &quot;Distance&quot; dashcard has the value of &quot;30.58&quot;" classname=";as-a-user,-i-can-login-to-the-application-and-create-an-activity-using-manual-entry-mode" time="0.036406824">
        </testcase>
        <testcase name="And The &quot;Elevation&quot; dashcard has the value of &quot;133&quot;" classname=";as-a-user,-i-can-login-to-the-application-and-create-an-activity-using-manual-entry-mode" time="0.030732007">
        </testcase>
        <testcase name="And The &quot;Duration&quot; dashcard has the text of &quot;01:11:34&quot;" classname=";as-a-user,-i-can-login-to-the-application-and-create-an-activity-using-manual-entry-mode" time="0.052097961">
        </testcase>
        <testcase name="And I delete all activities of this user via the REST API" classname=";as-a-user,-i-can-login-to-the-application-and-create-an-activity-using-manual-entry-mode" time="0.585877551">
        </testcase>
    </testsuite>
    <testsuite name=";as-a-user,-i-can-login-to-the-application-and-create-an-activity-and-add-a-comment" tests="16" failures="1" skipped="15">
        <properties>
            <property name="URI" value="/home/travis/build/aashwin/FitnessApp_Assignment/tests/regression_tests/features/activity.feature">
            </property>
        </properties>
        <testcase name="Given The application is loaded" classname=";as-a-user,-i-can-login-to-the-application-and-create-an-activity-and-add-a-comment" time="10.008801454">
            <failure message="function timed out after 10000 milliseconds">function timed out after 10000 milliseconds</failure>
        </testcase>
        <testcase name="When I enter &quot;{{TEST_USERNAME}}&quot; in the &quot;username&quot; text field" classname=";as-a-user,-i-can-login-to-the-application-and-create-an-activity-and-add-a-comment">
            <skipped message="">
            </skipped>
        </testcase>
        <testcase name="And I enter &quot;{{TEST_PASSWORD}}&quot; in the &quot;password&quot; text field" classname=";as-a-user,-i-can-login-to-the-application-and-create-an-activity-and-add-a-comment">
            <skipped message="">
            </skipped>
        </testcase>
        <testcase name="And I click on the button that has a value of &quot;Login&quot;" classname=";as-a-user,-i-can-login-to-the-application-and-create-an-activity-and-add-a-comment">
            <skipped message="">
            </skipped>
        </testcase>
        <testcase name="Then the application page is loaded" classname=";as-a-user,-i-can-login-to-the-application-and-create-an-activity-and-add-a-comment">
            <skipped message="">
            </skipped>
        </testcase>
        <testcase name="When I click on the link that contains text &quot;Create Activity&quot;" classname=";as-a-user,-i-can-login-to-the-application-and-create-an-activity-and-add-a-comment">
            <skipped message="">
            </skipped>
        </testcase>
        <testcase name="And I click on the link that contains text &quot;Manual Entry&quot;" classname=";as-a-user,-i-can-login-to-the-application-and-create-an-activity-and-add-a-comment">
            <skipped message="">
            </skipped>
        </testcase>
        <testcase name="And I enter &quot;Evening Run&quot; in the text field with the ID &quot;name&quot;" classname=";as-a-user,-i-can-login-to-the-application-and-create-an-activity-and-add-a-comment">
            <skipped message="">
            </skipped>
        </testcase>
        <testcase name="And I tick the radio with name &quot;visibility&quot; and value &quot;2&quot;" classname=";as-a-user,-i-can-login-to-the-application-and-create-an-activity-and-add-a-comment">
            <skipped message="">
            </skipped>
        </testcase>
        <testcase name="And I click on the button that has a value of &quot;Add Activity &gt;&gt;&quot;" classname=";as-a-user,-i-can-login-to-the-application-and-create-an-activity-and-add-a-comment">
            <skipped message="">
            </skipped>
        </testcase>
        <testcase name="Then The success notification says &quot;Successfully created activity&quot;" classname=";as-a-user,-i-can-login-to-the-application-and-create-an-activity-and-add-a-comment">
            <skipped message="">
            </skipped>
        </testcase>
        <testcase name="And The page heading says &quot;Evening Run&quot;" classname=";as-a-user,-i-can-login-to-the-application-and-create-an-activity-and-add-a-comment">
            <skipped message="">
            </skipped>
        </testcase>
        <testcase name="When I enter &quot;This is a good run mate, keep it going!&quot; in the text field with the ID &quot;comment&quot;" classname=";as-a-user,-i-can-login-to-the-application-and-create-an-activity-and-add-a-comment">
            <skipped message="">
            </skipped>
        </testcase>
        <testcase name="And I click on the button that has a value of &quot;Add Comment &gt;&gt;&quot;" classname=";as-a-user,-i-can-login-to-the-application-and-create-an-activity-and-add-a-comment">
            <skipped message="">
            </skipped>
        </testcase>
        <testcase name="Then I verify that there is a comment &quot;This is a good run mate, keep it going!&quot;" classname=";as-a-user,-i-can-login-to-the-application-and-create-an-activity-and-add-a-comment">
            <skipped message="">
            </skipped>
        </testcase>
        <testcase name="And I delete all activities of this user via the REST API" classname=";as-a-user,-i-can-login-to-the-application-and-create-an-activity-and-add-a-comment">
            <skipped message="">
            </skipped>
        </testcase>
    </testsuite>
    <testsuite name=";as-a-user,-i-can-login-to-the-application" tests="6" failures="0" skipped="0">
        <properties>
            <property name="URI" value="/home/travis/build/aashwin/FitnessApp_Assignment/tests/regression_tests/features/login_register.feature">
            </property>
        </properties>
        <testcase name="Given The application is loaded" classname=";as-a-user,-i-can-login-to-the-application" time="6.578804814">
        </testcase>
        <testcase name="When I enter &quot;{{TEST_USERNAME}}&quot; in the &quot;username&quot; text field" classname=";as-a-user,-i-can-login-to-the-application" time="1.100746278">
        </testcase>
        <testcase name="And I enter &quot;{{TEST_PASSWORD}}&quot; in the &quot;password&quot; text field" classname=";as-a-user,-i-can-login-to-the-application" time="1.104029884">
        </testcase>
        <testcase name="And I click on the button that has a value of &quot;Login&quot;" classname=";as-a-user,-i-can-login-to-the-application" time="0.11273977">
        </testcase>
        <testcase name="Then the application page is loaded" classname=";as-a-user,-i-can-login-to-the-application" time="0.017448416">
        </testcase>
        <testcase name="And The page heading says &quot;My Activities&quot;" classname=";as-a-user,-i-can-login-to-the-application" time="5.868779171">
        </testcase>
    </testsuite>
    <testsuite name=";as-a-user,-i-try-to-edit-my-profile" tests="21" failures="0" skipped="0">
        <properties>
            <property name="URI" value="/home/travis/build/aashwin/FitnessApp_Assignment/tests/regression_tests/features/profile.feature">
            </property>
        </properties>
        <testcase name="Given The application is loaded" classname=";as-a-user,-i-try-to-edit-my-profile" time="6.633712604">
        </testcase>
        <testcase name="When I enter &quot;{{TEST_USERNAME}}&quot; in the &quot;username&quot; text field" classname=";as-a-user,-i-try-to-edit-my-profile" time="1.111328626">
        </testcase>
        <testcase name="And I enter &quot;{{TEST_PASSWORD}}&quot; in the &quot;password&quot; text field" classname=";as-a-user,-i-try-to-edit-my-profile" time="1.130279063">
        </testcase>
        <testcase name="And I click on the button that has a value of &quot;Login&quot;" classname=";as-a-user,-i-try-to-edit-my-profile" time="0.126792425">
        </testcase>
        <testcase name="Then the application page is loaded" classname=";as-a-user,-i-try-to-edit-my-profile" time="0.014567456">
        </testcase>
        <testcase name="When I click on the link that contains text &quot;Hey &quot;" classname=";as-a-user,-i-try-to-edit-my-profile" time="8.577962454">
        </testcase>
        <testcase name="And I enter &quot;Bruce Wayne&quot; in the text field with the ID &quot;name&quot;" classname=";as-a-user,-i-try-to-edit-my-profile" time="1.11476527">
        </testcase>
        <testcase name="And I enter &quot;bruce@gotham.com&quot; in the text field with the ID &quot;email&quot;" classname=";as-a-user,-i-try-to-edit-my-profile" time="1.177452681">
        </testcase>
        <testcase name="And I enter &quot;76.2&quot; in the text field with the ID &quot;weightInKg&quot;" classname=";as-a-user,-i-try-to-edit-my-profile" time="1.162678449">
        </testcase>
        <testcase name="And I click on the button that has a value of &quot;Update Profile &gt;&gt;&quot;" classname=";as-a-user,-i-try-to-edit-my-profile" time="0.090407672">
        </testcase>
        <testcase name="Then The success notification says &quot;Successfully updated your profile&quot;" classname=";as-a-user,-i-try-to-edit-my-profile" time="0.961394235">
        </testcase>
        <testcase name="When I reload application" classname=";as-a-user,-i-try-to-edit-my-profile" time="0.983023271">
        </testcase>
        <testcase name="And I click on the link that contains text &quot;Hey Bruce&quot;" classname=";as-a-user,-i-try-to-edit-my-profile" time="2.086090409">
        </testcase>
        <testcase name="And I verify the text field with ID &quot;email&quot; contains &quot;bruce@gotham.com&quot;" classname=";as-a-user,-i-try-to-edit-my-profile" time="3.018502995">
        </testcase>
        <testcase name="And I verify the text field with ID &quot;weightInKg&quot; contains &quot;76.2&quot;" classname=";as-a-user,-i-try-to-edit-my-profile" time="3.015962775">
        </testcase>
        <testcase name="Then I verify the text field with ID &quot;name&quot; contains &quot;Bruce Wayne&quot;" classname=";as-a-user,-i-try-to-edit-my-profile" time="3.030078493">
        </testcase>
        <testcase name="And I enter &quot;&quot; in the text field with the ID &quot;name&quot;" classname=";as-a-user,-i-try-to-edit-my-profile" time="1.103668548">
        </testcase>
        <testcase name="And I enter &quot;&quot; in the text field with the ID &quot;email&quot;" classname=";as-a-user,-i-try-to-edit-my-profile" time="1.104464279">
        </testcase>
        <testcase name="And I enter &quot;&quot; in the text field with the ID &quot;weightInKg&quot;" classname=";as-a-user,-i-try-to-edit-my-profile" time="1.102135251">
        </testcase>
        <testcase name="And I click on the button that has a value of &quot;Update Profile &gt;&gt;&quot;" classname=";as-a-user,-i-try-to-edit-my-profile" time="0.092390143">
        </testcase>
        <testcase name="Then The success notification says &quot;Successfully updated your profile&quot;" classname=";as-a-user,-i-try-to-edit-my-profile" time="0.957435111">
        </testcase>
    </testsuite>
</testsuites>