<?xml version="1.0" encoding="UTF-8"?>
<testsuites>
    <testsuite name=";as-a-user,-i-can-login-to-the-application-and-create-an-activity-using-manual-entry-mode" tests="22" failures="0" skipped="0">
        <properties>
            <property name="URI" value="/Users/aashwin/UniversityWork/Year_4/AAF/FitnessApp_Assignment/tests/regression_tests/features/activity.feature">
            </property>
        </properties>
        <testcase name="Given The application is loaded" classname=";as-a-user,-i-can-login-to-the-application-and-create-an-activity-using-manual-entry-mode" time="4.793832514">
        </testcase>
        <testcase name="When I enter &quot;{{TEST_USERNAME}}&quot; in the &quot;username&quot; text field" classname=";as-a-user,-i-can-login-to-the-application-and-create-an-activity-using-manual-entry-mode" time="1.131629188">
        </testcase>
        <testcase name="And I enter &quot;{{TEST_PASSWORD}}&quot; in the &quot;password&quot; text field" classname=";as-a-user,-i-can-login-to-the-application-and-create-an-activity-using-manual-entry-mode" time="1.205045565">
        </testcase>
        <testcase name="And I click on the button that has a value of &quot;Login&quot;" classname=";as-a-user,-i-can-login-to-the-application-and-create-an-activity-using-manual-entry-mode" time="0.106811447">
        </testcase>
        <testcase name="Then the application page is loaded" classname=";as-a-user,-i-can-login-to-the-application-and-create-an-activity-using-manual-entry-mode" time="0.013380172">
        </testcase>
        <testcase name="When I click on the link that contains text &quot;Create Activity&quot;" classname=";as-a-user,-i-can-login-to-the-application-and-create-an-activity-using-manual-entry-mode" time="5.67604475">
        </testcase>
        <testcase name="And I click on the link that contains text &quot;Manual Entry&quot;" classname=";as-a-user,-i-can-login-to-the-application-and-create-an-activity-using-manual-entry-mode" time="2.233747296">
        </testcase>
        <testcase name="And I enter &quot;Evening Run&quot; in the text field with the ID &quot;name&quot;" classname=";as-a-user,-i-can-login-to-the-application-and-create-an-activity-using-manual-entry-mode" time="1.161402736">
        </testcase>
        <testcase name="And I tick the radio with name &quot;visibility&quot; and value &quot;2&quot;" classname=";as-a-user,-i-can-login-to-the-application-and-create-an-activity-using-manual-entry-mode" time="1.112490949">
        </testcase>
        <testcase name="And I enter &quot;19&quot; in the text field with the ID &quot;distance&quot;" classname=";as-a-user,-i-can-login-to-the-application-and-create-an-activity-using-manual-entry-mode" time="1.147420965">
        </testcase>
        <testcase name="And I enter &quot;133&quot; in the text field with the ID &quot;elevationInMeters&quot;" classname=";as-a-user,-i-can-login-to-the-application-and-create-an-activity-using-manual-entry-mode" time="1.129128696">
        </testcase>
        <testcase name="And I enter &quot;1&quot; in the text field with the ID &quot;durationH&quot;" classname=";as-a-user,-i-can-login-to-the-application-and-create-an-activity-using-manual-entry-mode" time="1.152538271">
        </testcase>
        <testcase name="And I enter &quot;11&quot; in the text field with the ID &quot;durationM&quot;" classname=";as-a-user,-i-can-login-to-the-application-and-create-an-activity-using-manual-entry-mode" time="1.13042056">
        </testcase>
        <testcase name="And I enter &quot;34&quot; in the text field with the ID &quot;durationS&quot;" classname=";as-a-user,-i-can-login-to-the-application-and-create-an-activity-using-manual-entry-mode" time="1.121484962">
        </testcase>
        <testcase name="And I enter &quot;This was a great run with @Friend&quot; in the text field with the ID &quot;notes&quot;" classname=";as-a-user,-i-can-login-to-the-application-and-create-an-activity-using-manual-entry-mode" time="1.181216178">
        </testcase>
        <testcase name="And I click on the button that has a value of &quot;Add Activity &gt;&gt;&quot;" classname=";as-a-user,-i-can-login-to-the-application-and-create-an-activity-using-manual-entry-mode" time="0.117983794">
        </testcase>
        <testcase name="Then The success notification says &quot;Successfully created activity&quot;" classname=";as-a-user,-i-can-login-to-the-application-and-create-an-activity-using-manual-entry-mode" time="0.754873376">
        </testcase>
        <testcase name="And The page heading says &quot;Evening Run&quot;" classname=";as-a-user,-i-can-login-to-the-application-and-create-an-activity-using-manual-entry-mode" time="0.053345625">
        </testcase>
        <testcase name="And The &quot;Distance&quot; dashcard has the value of &quot;30.58&quot;" classname=";as-a-user,-i-can-login-to-the-application-and-create-an-activity-using-manual-entry-mode" time="0.041499331">
        </testcase>
        <testcase name="And The &quot;Elevation&quot; dashcard has the value of &quot;133&quot;" classname=";as-a-user,-i-can-login-to-the-application-and-create-an-activity-using-manual-entry-mode" time="0.037359052">
        </testcase>
        <testcase name="And The &quot;Duration&quot; dashcard has the text of &quot;01:11:34&quot;" classname=";as-a-user,-i-can-login-to-the-application-and-create-an-activity-using-manual-entry-mode" time="0.062179052">
        </testcase>
        <testcase name="And I delete all activities of this user via the REST API" classname=";as-a-user,-i-can-login-to-the-application-and-create-an-activity-using-manual-entry-mode" time="0.084103714">
        </testcase>
    </testsuite>
    <testsuite name=";as-a-user,-i-can-login-to-the-application-and-create-an-activity-and-add-a-comment" tests="13" failures="1" skipped="4">
        <properties>
            <property name="URI" value="/Users/aashwin/UniversityWork/Year_4/AAF/FitnessApp_Assignment/tests/regression_tests/features/activity.feature">
            </property>
        </properties>
        <testcase name="Given The application is loaded" classname=";as-a-user,-i-can-login-to-the-application-and-create-an-activity-and-add-a-comment" time="7.557054916">
        </testcase>
        <testcase name="When I enter &quot;{{TEST_USERNAME}}&quot; in the &quot;username&quot; text field" classname=";as-a-user,-i-can-login-to-the-application-and-create-an-activity-and-add-a-comment" time="1.125450568">
        </testcase>
        <testcase name="And I enter &quot;{{TEST_PASSWORD}}&quot; in the &quot;password&quot; text field" classname=";as-a-user,-i-can-login-to-the-application-and-create-an-activity-and-add-a-comment" time="1.118331772">
        </testcase>
        <testcase name="And I click on the button that has a value of &quot;Login&quot;" classname=";as-a-user,-i-can-login-to-the-application-and-create-an-activity-and-add-a-comment" time="0.113197751">
        </testcase>
        <testcase name="Then the application page is loaded" classname=";as-a-user,-i-can-login-to-the-application-and-create-an-activity-and-add-a-comment" time="0.011899362">
        </testcase>
        <testcase name="When I click on the link that contains text &quot;Create Activity&quot;" classname=";as-a-user,-i-can-login-to-the-application-and-create-an-activity-and-add-a-comment" time="5.538837843">
        </testcase>
        <testcase name="And I click on the link that contains text &quot;Manual Entry&quot;" classname=";as-a-user,-i-can-login-to-the-application-and-create-an-activity-and-add-a-comment" time="2.198107186">
        </testcase>
        <testcase name="And I enter &quot;Evening Run&quot; in the text field with the ID &quot;name&quot;" classname=";as-a-user,-i-can-login-to-the-application-and-create-an-activity-and-add-a-comment" time="1.189388573">
        </testcase>
        <testcase name="Then The success notification says &quot;Successfully created activity&quot;" classname=";as-a-user,-i-can-login-to-the-application-and-create-an-activity-and-add-a-comment" time="10.000857906">
            <failure message="function timed out after 10000 milliseconds">function timed out after 10000 milliseconds</failure>
        </testcase>
        <testcase name="And The page heading says &quot;Evening Run&quot;" classname=";as-a-user,-i-can-login-to-the-application-and-create-an-activity-and-add-a-comment">
            <skipped message="">
            </skipped>
        </testcase>
        <testcase name="When I enter &quot;This is a good run mate, keep it going!&quot; in the text field with the ID &quot;comment&quot;" classname=";as-a-user,-i-can-login-to-the-application-and-create-an-activity-and-add-a-comment">
            <skipped message="">
            </skipped>
        </testcase>
        <testcase name="Then I verify that there is a comment &quot;This is a good run mate, keep it going!&quot;" classname=";as-a-user,-i-can-login-to-the-application-and-create-an-activity-and-add-a-comment">
            <skipped message="">
            </skipped>
        </testcase>
        <testcase name="And I delete all activities of this user via the REST API" classname=";as-a-user,-i-can-login-to-the-application-and-create-an-activity-and-add-a-comment">
            <skipped message="">
            </skipped>
        </testcase>
    </testsuite>
    <testsuite name=";as-a-user,-i-can-login-to-the-application" tests="6" failures="0" skipped="0">
        <properties>
            <property name="URI" value="/Users/aashwin/UniversityWork/Year_4/AAF/FitnessApp_Assignment/tests/regression_tests/features/login_register.feature">
            </property>
        </properties>
        <testcase name="Given The application is loaded" classname=";as-a-user,-i-can-login-to-the-application" time="4.367330458">
        </testcase>
        <testcase name="When I enter &quot;{{TEST_USERNAME}}&quot; in the &quot;username&quot; text field" classname=";as-a-user,-i-can-login-to-the-application" time="1.098116598">
        </testcase>
        <testcase name="And I enter &quot;{{TEST_PASSWORD}}&quot; in the &quot;password&quot; text field" classname=";as-a-user,-i-can-login-to-the-application" time="1.124062436">
        </testcase>
        <testcase name="And I click on the button that has a value of &quot;Login&quot;" classname=";as-a-user,-i-can-login-to-the-application" time="0.102137723">
        </testcase>
        <testcase name="Then the application page is loaded" classname=";as-a-user,-i-can-login-to-the-application" time="0.010569001">
        </testcase>
        <testcase name="And The page heading says &quot;My Activities&quot;" classname=";as-a-user,-i-can-login-to-the-application" time="3.055942901">
        </testcase>
    </testsuite>
</testsuites>