<?xml version="1.0" encoding="UTF-8"?>
<testsuites>
    <testsuite name=";as-a-user,-i-can-login-to-the-application-and-create-an-activity-using-manual-entry-mode" tests="22" failures="0" skipped="0">
        <properties>
            <property name="URI" value="/Users/aashwin/UniversityWork/Year_4/AAF/FitnessApp_Assignment/tests/regression_tests/features/activity.feature">
            </property>
        </properties>
        <testcase name="Given The application is loaded" classname=";as-a-user,-i-can-login-to-the-application-and-create-an-activity-using-manual-entry-mode" time="5.973728051">
        </testcase>
        <testcase name="When I enter &quot;{{TEST_USERNAME}}&quot; in the &quot;username&quot; text field" classname=";as-a-user,-i-can-login-to-the-application-and-create-an-activity-using-manual-entry-mode" time="1.147407766">
        </testcase>
        <testcase name="And I enter &quot;{{TEST_PASSWORD}}&quot; in the &quot;password&quot; text field" classname=";as-a-user,-i-can-login-to-the-application-and-create-an-activity-using-manual-entry-mode" time="1.138562379">
        </testcase>
        <testcase name="And I click on the button that has a value of &quot;Login&quot;" classname=";as-a-user,-i-can-login-to-the-application-and-create-an-activity-using-manual-entry-mode" time="0.709201972">
        </testcase>
        <testcase name="Then the application page is loaded" classname=";as-a-user,-i-can-login-to-the-application-and-create-an-activity-using-manual-entry-mode" time="0.015462853">
        </testcase>
        <testcase name="When I click on the link that contains text &quot;Create Activity&quot;" classname=";as-a-user,-i-can-login-to-the-application-and-create-an-activity-using-manual-entry-mode" time="6.687172173">
        </testcase>
        <testcase name="And I click on the link that contains text &quot;Manual Entry&quot;" classname=";as-a-user,-i-can-login-to-the-application-and-create-an-activity-using-manual-entry-mode" time="2.219176523">
        </testcase>
        <testcase name="And I enter &quot;Evening Run&quot; in the text field with the ID &quot;name&quot;" classname=";as-a-user,-i-can-login-to-the-application-and-create-an-activity-using-manual-entry-mode" time="1.376382745">
        </testcase>
        <testcase name="And I tick the radio with name &quot;visibility&quot; and value &quot;2&quot;" classname=";as-a-user,-i-can-login-to-the-application-and-create-an-activity-using-manual-entry-mode" time="1.13509834">
        </testcase>
        <testcase name="And I enter &quot;19&quot; in the text field with the ID &quot;distance&quot;" classname=";as-a-user,-i-can-login-to-the-application-and-create-an-activity-using-manual-entry-mode" time="1.151610943">
        </testcase>
        <testcase name="And I enter &quot;133&quot; in the text field with the ID &quot;elevationInMeters&quot;" classname=";as-a-user,-i-can-login-to-the-application-and-create-an-activity-using-manual-entry-mode" time="1.117637112">
        </testcase>
        <testcase name="And I enter &quot;1&quot; in the text field with the ID &quot;durationH&quot;" classname=";as-a-user,-i-can-login-to-the-application-and-create-an-activity-using-manual-entry-mode" time="1.124024624">
        </testcase>
        <testcase name="And I enter &quot;11&quot; in the text field with the ID &quot;durationM&quot;" classname=";as-a-user,-i-can-login-to-the-application-and-create-an-activity-using-manual-entry-mode" time="1.153705348">
        </testcase>
        <testcase name="And I enter &quot;34&quot; in the text field with the ID &quot;durationS&quot;" classname=";as-a-user,-i-can-login-to-the-application-and-create-an-activity-using-manual-entry-mode" time="1.138004504">
        </testcase>
        <testcase name="And I enter &quot;This was a great run with @Friend&quot; in the text field with the ID &quot;notes&quot;" classname=";as-a-user,-i-can-login-to-the-application-and-create-an-activity-using-manual-entry-mode" time="1.173656037">
        </testcase>
        <testcase name="And I click on the button that has a value of &quot;Add Activity &gt;&gt;&quot;" classname=";as-a-user,-i-can-login-to-the-application-and-create-an-activity-using-manual-entry-mode" time="0.097369028">
        </testcase>
        <testcase name="Then The success notification says &quot;Successfully created activity&quot;" classname=";as-a-user,-i-can-login-to-the-application-and-create-an-activity-using-manual-entry-mode" time="0.732280615">
        </testcase>
        <testcase name="And The page heading says &quot;Evening Run&quot;" classname=";as-a-user,-i-can-login-to-the-application-and-create-an-activity-using-manual-entry-mode" time="0.082907916">
        </testcase>
        <testcase name="And The &quot;Distance&quot; dashcard has the value of &quot;30.58&quot;" classname=";as-a-user,-i-can-login-to-the-application-and-create-an-activity-using-manual-entry-mode" time="0.034899119">
        </testcase>
        <testcase name="And The &quot;Elevation&quot; dashcard has the value of &quot;133&quot;" classname=";as-a-user,-i-can-login-to-the-application-and-create-an-activity-using-manual-entry-mode" time="0.033510532">
        </testcase>
        <testcase name="And The &quot;Duration&quot; dashcard has the text of &quot;01:11:34&quot;" classname=";as-a-user,-i-can-login-to-the-application-and-create-an-activity-using-manual-entry-mode" time="0.067453636">
        </testcase>
        <testcase name="And I delete all activities of this user via the REST API" classname=";as-a-user,-i-can-login-to-the-application-and-create-an-activity-using-manual-entry-mode" time="0.192556618">
        </testcase>
    </testsuite>
    <testsuite name=";as-a-user,-i-can-login-to-the-application-and-create-an-activity-and-add-a-comment" tests="15" failures="1" skipped="1">
        <properties>
            <property name="URI" value="/Users/aashwin/UniversityWork/Year_4/AAF/FitnessApp_Assignment/tests/regression_tests/features/activity.feature">
            </property>
        </properties>
        <testcase name="Given The application is loaded" classname=";as-a-user,-i-can-login-to-the-application-and-create-an-activity-and-add-a-comment" time="5.771573514">
        </testcase>
        <testcase name="When I enter &quot;{{TEST_USERNAME}}&quot; in the &quot;username&quot; text field" classname=";as-a-user,-i-can-login-to-the-application-and-create-an-activity-and-add-a-comment" time="1.109967356">
        </testcase>
        <testcase name="And I enter &quot;{{TEST_PASSWORD}}&quot; in the &quot;password&quot; text field" classname=";as-a-user,-i-can-login-to-the-application-and-create-an-activity-and-add-a-comment" time="1.119590425">
        </testcase>
        <testcase name="And I click on the button that has a value of &quot;Login&quot;" classname=";as-a-user,-i-can-login-to-the-application-and-create-an-activity-and-add-a-comment" time="0.117845837">
        </testcase>
        <testcase name="Then the application page is loaded" classname=";as-a-user,-i-can-login-to-the-application-and-create-an-activity-and-add-a-comment" time="0.012776911">
        </testcase>
        <testcase name="When I click on the link that contains text &quot;Create Activity&quot;" classname=";as-a-user,-i-can-login-to-the-application-and-create-an-activity-and-add-a-comment" time="5.629640509">
        </testcase>
        <testcase name="And I click on the link that contains text &quot;Manual Entry&quot;" classname=";as-a-user,-i-can-login-to-the-application-and-create-an-activity-and-add-a-comment" time="2.181061966">
        </testcase>
        <testcase name="And I enter &quot;Evening Run&quot; in the text field with the ID &quot;name&quot;" classname=";as-a-user,-i-can-login-to-the-application-and-create-an-activity-and-add-a-comment" time="1.168178741">
        </testcase>
        <testcase name="And I tick the radio with name &quot;visibility&quot; and value &quot;2&quot;" classname=";as-a-user,-i-can-login-to-the-application-and-create-an-activity-and-add-a-comment" time="1.117467054">
        </testcase>
        <testcase name="And I click on the button that has a value of &quot;Add Activity &gt;&gt;&quot;" classname=";as-a-user,-i-can-login-to-the-application-and-create-an-activity-and-add-a-comment" time="0.102658173">
        </testcase>
        <testcase name="Then The success notification says &quot;Successfully created activity&quot;" classname=";as-a-user,-i-can-login-to-the-application-and-create-an-activity-and-add-a-comment" time="0.690643021">
        </testcase>
        <testcase name="And The page heading says &quot;Evening Run&quot;" classname=";as-a-user,-i-can-login-to-the-application-and-create-an-activity-and-add-a-comment" time="0.057445494">
        </testcase>
        <testcase name="When I enter &quot;This is a good run mate, keep it going!&quot; in the text field with the ID &quot;comment&quot;" classname=";as-a-user,-i-can-login-to-the-application-and-create-an-activity-and-add-a-comment" time="1.173301057">
        </testcase>
        <testcase name="Then I verify that there is a comment &quot;This is a good run mate, keep it going!&quot;" classname=";as-a-user,-i-can-login-to-the-application-and-create-an-activity-and-add-a-comment" time="10.001337569">
            <failure message="function timed out after 10000 milliseconds">function timed out after 10000 milliseconds</failure>
        </testcase>
        <testcase name="And I delete all activities of this user via the REST API" classname=";as-a-user,-i-can-login-to-the-application-and-create-an-activity-and-add-a-comment">
            <skipped message="">
            </skipped>
        </testcase>
    </testsuite>
    <testsuite name=";as-a-user,-i-can-login-to-the-application" tests="6" failures="0" skipped="0">
        <properties>
            <property name="URI" value="/Users/aashwin/UniversityWork/Year_4/AAF/FitnessApp_Assignment/tests/regression_tests/features/login_register.feature">
            </property>
        </properties>
        <testcase name="Given The application is loaded" classname=";as-a-user,-i-can-login-to-the-application" time="8.271985382">
        </testcase>
        <testcase name="When I enter &quot;{{TEST_USERNAME}}&quot; in the &quot;username&quot; text field" classname=";as-a-user,-i-can-login-to-the-application" time="1.094400276">
        </testcase>
        <testcase name="And I enter &quot;{{TEST_PASSWORD}}&quot; in the &quot;password&quot; text field" classname=";as-a-user,-i-can-login-to-the-application" time="1.118775524">
        </testcase>
        <testcase name="And I click on the button that has a value of &quot;Login&quot;" classname=";as-a-user,-i-can-login-to-the-application" time="0.108306829">
        </testcase>
        <testcase name="Then the application page is loaded" classname=";as-a-user,-i-can-login-to-the-application" time="0.010387913">
        </testcase>
        <testcase name="And The page heading says &quot;My Activities&quot;" classname=";as-a-user,-i-can-login-to-the-application" time="4.335657187">
        </testcase>
    </testsuite>
    <testsuite name=";as-a-user,-i-try-to-edit-my-profile" tests="21" failures="1" skipped="9">
        <properties>
            <property name="URI" value="/Users/aashwin/UniversityWork/Year_4/AAF/FitnessApp_Assignment/tests/regression_tests/features/profile.feature">
            </property>
        </properties>
        <testcase name="Given The application is loaded" classname=";as-a-user,-i-try-to-edit-my-profile" time="5.387347869">
        </testcase>
        <testcase name="When I enter &quot;{{TEST_USERNAME}}&quot; in the &quot;username&quot; text field" classname=";as-a-user,-i-try-to-edit-my-profile" time="1.094674206">
        </testcase>
        <testcase name="And I enter &quot;{{TEST_PASSWORD}}&quot; in the &quot;password&quot; text field" classname=";as-a-user,-i-try-to-edit-my-profile" time="1.120047182">
        </testcase>
        <testcase name="And I click on the button that has a value of &quot;Login&quot;" classname=";as-a-user,-i-try-to-edit-my-profile" time="0.117420718">
        </testcase>
        <testcase name="Then the application page is loaded" classname=";as-a-user,-i-try-to-edit-my-profile" time="0.01181013">
        </testcase>
        <testcase name="When I click on the link that contains text &quot;Hey &quot;" classname=";as-a-user,-i-try-to-edit-my-profile" time="5.436781042">
        </testcase>
        <testcase name="And I enter &quot;Bruce Wayne&quot; in the text field with the ID &quot;name&quot;" classname=";as-a-user,-i-try-to-edit-my-profile" time="1.183226337">
        </testcase>
        <testcase name="And I enter &quot;bruce@gotham.com&quot; in the text field with the ID &quot;email&quot;" classname=";as-a-user,-i-try-to-edit-my-profile" time="1.147865365">
        </testcase>
        <testcase name="And I enter &quot;76.2&quot; in the text field with the ID &quot;weightInKg&quot;" classname=";as-a-user,-i-try-to-edit-my-profile" time="1.235028228">
        </testcase>
        <testcase name="And I click on the button that has a value of &quot;Update Profile &gt;&gt;&quot;" classname=";as-a-user,-i-try-to-edit-my-profile" time="0.104713132">
        </testcase>
        <testcase name="Then The success notification says &quot;Successfully updated your profile&quot;" classname=";as-a-user,-i-try-to-edit-my-profile" time="0.76780804">
        </testcase>
        <testcase name="When The application is loaded" classname=";as-a-user,-i-try-to-edit-my-profile" time="10.004752944">
            <failure message="function timed out after 10000 milliseconds">function timed out after 10000 milliseconds</failure>
        </testcase>
        <testcase name="And I click on the link that contains text &quot;Hey Bruce&quot;" classname=";as-a-user,-i-try-to-edit-my-profile">
            <skipped message="">
            </skipped>
        </testcase>
        <testcase name="Then I verify the text field with ID &quot;name&quot; contains &quot;Bruce Wayne&quot;" classname=";as-a-user,-i-try-to-edit-my-profile">
            <skipped message="">
            </skipped>
        </testcase>
        <testcase name="And I verify the text field with ID &quot;email&quot; contains &quot;bruce@gotham.com&quot;" classname=";as-a-user,-i-try-to-edit-my-profile">
            <skipped message="">
            </skipped>
        </testcase>
        <testcase name="And I verify the text field with ID &quot;weightInKg&quot; contains &quot;76.2&quot;" classname=";as-a-user,-i-try-to-edit-my-profile">
            <skipped message="">
            </skipped>
        </testcase>
        <testcase name="And I enter &quot;&quot; in the text field with the ID &quot;name&quot;" classname=";as-a-user,-i-try-to-edit-my-profile">
            <skipped message="">
            </skipped>
        </testcase>
        <testcase name="And I enter &quot;&quot; in the text field with the ID &quot;email&quot;" classname=";as-a-user,-i-try-to-edit-my-profile">
            <skipped message="">
            </skipped>
        </testcase>
        <testcase name="And I enter &quot;&quot; in the text field with the ID &quot;weightInKg&quot;" classname=";as-a-user,-i-try-to-edit-my-profile">
            <skipped message="">
            </skipped>
        </testcase>
        <testcase name="And I click on the button that has a value of &quot;Update Profile &gt;&gt;&quot;" classname=";as-a-user,-i-try-to-edit-my-profile">
            <skipped message="">
            </skipped>
        </testcase>
        <testcase name="Then The success notification says &quot;Successfully updated your profile&quot;" classname=";as-a-user,-i-try-to-edit-my-profile">
            <skipped message="">
            </skipped>
        </testcase>
    </testsuite>
</testsuites>