<?xml version="1.0" encoding="UTF-8"?>
<testsuites>
    <testsuite name=";as-a-user,-i-register-an-user-through-the-application" tests="9" failures="0" skipped="0">
        <properties>
            <property name="URI" value="/Users/aashwin/UniversityWork/Year_4/AAF/FitnessApp_Assignment/tests/regression_tests/features/login_register.feature">
            </property>
        </properties>
        <testcase name="Given The application is loaded" classname=";as-a-user,-i-register-an-user-through-the-application" time="8.50179341">
        </testcase>
        <testcase name="And That I ensure that no test users exists in the database" classname=";as-a-user,-i-register-an-user-through-the-application" time="0.025671722">
        </testcase>
        <testcase name="When I click on the link that contains text &quot;Signup&quot;" classname=";as-a-user,-i-register-an-user-through-the-application" time="2.120317874">
        </testcase>
        <testcase name="And I enter &quot;user_test_123&quot; in the &quot;username&quot; text field" classname=";as-a-user,-i-register-an-user-through-the-application" time="1.168788798">
        </testcase>
        <testcase name="And I enter &quot;password*123&quot; in the &quot;password&quot; text field" classname=";as-a-user,-i-register-an-user-through-the-application" time="1.120482599">
        </testcase>
        <testcase name="And I enter &quot;password*123&quot; in the &quot;confirmPassword&quot; text field" classname=";as-a-user,-i-register-an-user-through-the-application" time="1.138665034">
        </testcase>
        <testcase name="And I click on the button that has a value of &quot;Signup&quot;" classname=";as-a-user,-i-register-an-user-through-the-application" time="0.118485047">
        </testcase>
        <testcase name="Then The success notification says &quot;Successfully Registered&quot;" classname=";as-a-user,-i-register-an-user-through-the-application" time="0.775825534">
        </testcase>
        <testcase name="And I ensure that user with username &quot;user_test_123&quot; exists in the database" classname=";as-a-user,-i-register-an-user-through-the-application" time="0.009539513">
        </testcase>
    </testsuite>
    <testsuite name=";as-a-user,-i-can-login-to-the-application" tests="13" failures="0" skipped="0">
        <properties>
            <property name="URI" value="/Users/aashwin/UniversityWork/Year_4/AAF/FitnessApp_Assignment/tests/regression_tests/features/login_register.feature">
            </property>
        </properties>
        <testcase name="Given The application is loaded" classname=";as-a-user,-i-can-login-to-the-application" time="2.948987381">
        </testcase>
        <testcase name="And That I ensure that no test users exists in the database" classname=";as-a-user,-i-can-login-to-the-application" time="0.007951542">
        </testcase>
        <testcase name="When I click on the link that contains text &quot;Signup&quot;" classname=";as-a-user,-i-can-login-to-the-application" time="2.122555331">
        </testcase>
        <testcase name="And I enter &quot;user_test_123&quot; in the &quot;username&quot; text field" classname=";as-a-user,-i-can-login-to-the-application" time="2.300429003">
        </testcase>
        <testcase name="And I enter &quot;password*123&quot; in the &quot;password&quot; text field" classname=";as-a-user,-i-can-login-to-the-application" time="1.212246109">
        </testcase>
        <testcase name="And I enter &quot;password*123&quot; in the &quot;confirmPassword&quot; text field" classname=";as-a-user,-i-can-login-to-the-application" time="1.134152848">
        </testcase>
        <testcase name="And I click on the button that has a value of &quot;Signup&quot;" classname=";as-a-user,-i-can-login-to-the-application" time="0.117708484">
        </testcase>
        <testcase name="Then The success notification says &quot;Successfully Registered&quot;" classname=";as-a-user,-i-can-login-to-the-application" time="0.808587058">
        </testcase>
        <testcase name="And I ensure that user with username &quot;user_test_123&quot; exists in the database" classname=";as-a-user,-i-can-login-to-the-application" time="0.00961069">
        </testcase>
        <testcase name="When I enter &quot;user_test_123&quot; in the &quot;username&quot; text field" classname=";as-a-user,-i-can-login-to-the-application" time="1.122253014">
        </testcase>
        <testcase name="And I enter &quot;password*123&quot; in the &quot;password&quot; text field" classname=";as-a-user,-i-can-login-to-the-application" time="1.276779356">
        </testcase>
        <testcase name="And I click on the button that has a value of &quot;Login&quot;" classname=";as-a-user,-i-can-login-to-the-application" time="0.236024865">
        </testcase>
        <testcase name="Then the application page is loaded" classname=";as-a-user,-i-can-login-to-the-application" time="0.011981595">
        </testcase>
    </testsuite>
</testsuites>